first_blood_time               19553
first_blood_team               19553
first_blood_player1            19553
first_blood_player2            43987
radiant_bottle_time            15691
radiant_courier_time             692
radiant_flying_courier_time    27479
radiant_first_ward_time         1836
dire_bottle_time               16143
dire_courier_time                676
dire_flying_courier_time       26098
dire_first_ward_time            1826
dtype: int64
      Iter       Train Loss   Remaining Time 
         1           1.3603           14.51s
         2           1.3401           13.92s
         3           1.3230           11.48s
         4           1.3107            8.96s
         5           1.2995            7.16s
         6           1.2901            5.25s
         7           1.2829            3.70s
         8           1.2771            2.32s
         9           1.2720            1.12s
        10           1.2673            0.00s
      Iter       Train Loss   Remaining Time 
         1           1.3581            6.49s
         2           1.3389            5.44s
         3           1.3213            4.74s
         4           1.3068            4.08s
         5           1.2967            3.36s
         6           1.2891            2.66s
         7           1.2817            2.01s
         8           1.2754            1.35s
         9           1.2698            0.68s
        10           1.2651            0.00s
      Iter       Train Loss   Remaining Time 
         1           1.3600            6.44s
         2           1.3403            5.46s
         3           1.3231            4.70s
         4           1.3091            4.06s
         5           1.2988            3.32s
         6           1.2899            2.65s
         7           1.2828            1.97s
         8           1.2759            1.31s
         9           1.2698            0.66s
        10           1.2646            0.00s
      Iter       Train Loss   Remaining Time 
         1           1.3594            6.28s
         2           1.3395            5.46s
         3           1.3221            4.75s
         4           1.3080            4.25s
         5           1.2982            3.54s
         6           1.2891            2.83s
         7           1.2812            2.12s
         8           1.2757            1.43s
         9           1.2704            0.72s
        10           1.2656            0.00s
      Iter       Train Loss   Remaining Time 
         1           1.3600            6.22s
         2           1.3411            5.34s
         3           1.3232            4.65s
         4           1.3086            4.08s
         5           1.2981            3.63s
         6           1.2898            3.46s
         7           1.2824            2.57s
         8           1.2756            1.71s
         9           1.2703            0.85s
        10           1.2658            0.00s
Trees amount = 10 Time elapsed: 0:00:44.638310

Iter = 1 score = 0.629738841739 

      Iter       Train Loss   Remaining Time 
         1           1.3603           20.03s
         2           1.3401           17.94s
         3           1.3230           15.11s
         4           1.3107           13.31s
         5           1.2995           12.08s
         6           1.2901           11.94s
         7           1.2829           10.81s
         8           1.2771            9.65s
         9           1.2720            8.79s
        10           1.2673            7.83s
        20           1.2385            0.00s
      Iter       Train Loss   Remaining Time 
         1           1.3581           16.60s
         2           1.3389           14.91s
         3           1.3213           14.21s
         4           1.3068           14.34s
         5           1.2967           13.12s
         6           1.2891           12.20s
         7           1.2817           11.68s
         8           1.2754           10.85s
         9           1.2698            9.82s
        10           1.2651            8.86s
        20           1.2364            0.00s
      Iter       Train Loss   Remaining Time 
         1           1.3600           16.68s
         2           1.3403           14.70s
         3           1.3231           13.70s
         4           1.3091           12.55s
         5           1.2988           12.18s
         6           1.2899           11.81s
         7           1.2828           11.21s
         8           1.2759           10.26s
         9           1.2698            9.44s
        10           1.2646            9.03s
        20           1.2354            0.00s
      Iter       Train Loss   Remaining Time 
         1           1.3594           25.64s
         2           1.3395           20.63s
         3           1.3221           17.58s
         4           1.3080           17.14s
         5           1.2982           16.53s
         6           1.2891           15.65s
         7           1.2812           16.34s
         8           1.2757           16.48s
         9           1.2704           16.19s
        10           1.2656           15.28s
        20           1.2356            0.00s
      Iter       Train Loss   Remaining Time 
         1           1.3600           36.09s
         2           1.3411           34.11s
         3           1.3232           32.91s
         4           1.3086           31.41s
         5           1.2981           29.62s
         6           1.2898           28.08s
         7           1.2824           26.26s
         8           1.2756           22.98s
         9           1.2703           20.74s
        10           1.2658           18.93s
        20           1.2366            0.00s
Trees amount = 20 Time elapsed: 0:02:16.154062

Iter = 1 score = 0.638578041059 

      Iter       Train Loss   Remaining Time 
         1           1.3603           28.02s
         2           1.3401           24.51s
         3           1.3230           23.88s
         4           1.3107           23.20s
         5           1.2995           22.47s
         6           1.2901           21.36s
         7           1.2829           20.44s
         8           1.2771           19.44s
         9           1.2720           18.75s
        10           1.2673           17.71s
        20           1.2385            9.47s
        30           1.2225            0.00s
      Iter       Train Loss   Remaining Time 
         1           1.3581           27.02s
         2           1.3389           23.83s
         3           1.3213           23.84s
         4           1.3068           23.03s
         5           1.2967           22.02s
         6           1.2891           20.67s
         7           1.2817           20.03s
         8           1.2754           19.36s
         9           1.2698           18.64s
        10           1.2651           17.88s
        20           1.2364            8.96s
        30           1.2206            0.00s
      Iter       Train Loss   Remaining Time 
         1           1.3600           25.41s
         2           1.3403           23.14s
         3           1.3231           22.80s
         4           1.3091           22.11s
         5           1.2988           20.95s
         6           1.2899           20.35s
         7           1.2828           19.18s
         8           1.2759           18.25s
         9           1.2698           17.66s
        10           1.2646           17.08s
        20           1.2354            8.60s
        30           1.2199            0.00s
      Iter       Train Loss   Remaining Time 
         1           1.3594           24.86s
         2           1.3395           23.65s
         3           1.3221           23.24s
         4           1.3080           22.36s
         5           1.2982           21.43s
         6           1.2891           20.80s
         7           1.2812           20.06s
         8           1.2757           19.39s
         9           1.2704           18.78s
        10           1.2656           17.78s
        20           1.2356            9.17s
        30           1.2197            0.00s
      Iter       Train Loss   Remaining Time 
         1           1.3600           24.52s
         2           1.3411           23.69s
         3           1.3232           23.05s
         4           1.3086           21.66s
         5           1.2981           26.70s
         6           1.2898           29.67s
         7           1.2824           26.74s
         8           1.2756           24.37s
         9           1.2703           24.26s
        10           1.2658           23.40s
        20           1.2366           11.71s
        30           1.2215            0.00s
Trees amount = 30 Time elapsed: 0:02:24.392590

Iter = 1 score = 0.642569627156 

      Iter       Train Loss   Remaining Time 
         1           1.3603           23.10s
         2           1.3401           23.65s
         3           1.3230           21.54s
         4           1.3107           20.04s
         5           1.2995           20.26s
         6           1.2901           24.24s
         7           1.2829           24.06s
         8           1.2771           25.98s
         9           1.2720           27.86s
        10           1.2673           26.06s
        20           1.2385           13.15s
        30           1.2225            1.07s
      Iter       Train Loss   Remaining Time 
         1           1.3581           20.61s
         2           1.3389           19.69s
         3           1.3213           21.32s
         4           1.3068           27.44s
         5           1.2967           24.58s
         6           1.2891           22.87s
         7           1.2817           21.40s
         8           1.2754           21.71s
         9           1.2698           20.99s
        10           1.2651           19.71s
        20           1.2364           12.19s
        30           1.2206            1.12s
      Iter       Train Loss   Remaining Time 
         1           1.3600           27.35s
         2           1.3403           23.97s
         3           1.3231           23.61s
         4           1.3091           22.99s
         5           1.2988           21.56s
         6           1.2899           20.97s
         7           1.2828           19.95s
         8           1.2759           18.96s
         9           1.2698           18.39s
        10           1.2646           18.00s
        20           1.2354            9.60s
        30           1.2199            0.87s
      Iter       Train Loss   Remaining Time 
         1           1.3594           49.06s
         2           1.3395           35.34s
         3           1.3221           31.04s
         4           1.3080           28.42s
         5           1.2982           26.80s
         6           1.2891           25.11s
         7           1.2812           23.79s
         8           1.2757           22.69s
         9           1.2704           21.73s
        10           1.2656           20.76s
        20           1.2356           10.67s
        30           1.2197            0.95s
      Iter       Train Loss   Remaining Time 
         1           1.3600           28.07s
         2           1.3411           25.31s
         3           1.3232           24.18s
         4           1.3086           23.37s
         5           1.2981           21.65s
         6           1.2898           21.37s
         7           1.2824           20.82s
         8           1.2756           20.18s
         9           1.2703           19.39s
        10           1.2658           18.73s
        20           1.2366            9.96s
        30           1.2215            0.89s
Trees amount = 31 Time elapsed: 0:02:38.995095

Iter = 1 score = 0.641876574316 

      Iter       Train Loss   Remaining Time 
         1           1.3603           28.79s
         2           1.3401           25.99s
         3           1.3230           26.05s
         4           1.3107           25.26s
         5           1.2995           24.30s
         6           1.2901           23.20s
         7           1.2829           22.63s
         8           1.2771           21.61s
         9           1.2720           20.80s
        10           1.2673           19.87s
        20           1.2385           11.91s
        30           1.2225            2.69s
      Iter       Train Loss   Remaining Time 
         1           1.3581           29.50s
         2           1.3389           27.44s
         3           1.3213           25.89s
         4           1.3068           25.02s
         5           1.2967           24.92s
         6           1.2891           25.21s
         7           1.2817           24.09s
         8           1.2754           23.94s
         9           1.2698           22.73s
        10           1.2651           21.97s
        20           1.2364           11.95s
        30           1.2206            2.80s
      Iter       Train Loss   Remaining Time 
         1           1.3600           30.14s
         2           1.3403           28.51s
         3           1.3231           27.00s
         4           1.3091           25.38s
         5           1.2988           24.44s
         6           1.2899           23.63s
         7           1.2828           22.17s
         8           1.2759           21.42s
         9           1.2698           20.85s
        10           1.2646           20.18s
        20           1.2354           11.59s
        30           1.2199            2.65s
      Iter       Train Loss   Remaining Time 
         1           1.3594           30.91s
         2           1.3395           30.11s
         3           1.3221           35.19s
         4           1.3080           33.30s
         5           1.2982           30.84s
         6           1.2891           28.83s
         7           1.2812           27.50s
         8           1.2757           26.03s
         9           1.2704           24.42s
        10           1.2656           23.25s
        20           1.2356           12.42s
        30           1.2197            2.77s
      Iter       Train Loss   Remaining Time 
         1           1.3600           27.81s
         2           1.3411           25.89s
         3           1.3232           25.53s
         4           1.3086           24.38s
         5           1.2981           23.13s
         6           1.2898           22.88s
         7           1.2824           22.35s
         8           1.2756           21.75s
         9           1.2703           20.81s
        10           1.2658           19.89s
        20           1.2366           11.63s
        30           1.2215            2.72s
Trees amount = 33 Time elapsed: 0:02:35.315598

Iter = 1 score = 0.642722407188 

      Iter       Train Loss   Remaining Time 
         1           1.3603           49.89s
         2           1.3401           39.31s
         3           1.3230           36.15s
         4           1.3107           34.14s
         5           1.2995           32.15s
         6           1.2901           31.04s
         7           1.2829           31.81s
         8           1.2771           30.13s
         9           1.2720           28.80s
        10           1.2673           27.22s
        20           1.2385           17.29s
        30           1.2225            6.09s
      Iter       Train Loss   Remaining Time 
         1           1.3581            1.03m
         2           1.3389           57.24s
         3           1.3213           55.75s
         4           1.3068           52.78s
         5           1.2967           49.98s
         6           1.2891           47.91s
         7           1.2817           46.39s
         8           1.2754           45.24s
         9           1.2698           43.59s
        10           1.2651           42.25s
        20           1.2364           18.57s
        30           1.2206            5.67s
      Iter       Train Loss   Remaining Time 
         1           1.3600           39.79s
         2           1.3403           31.24s
         3           1.3231           27.28s
         4           1.3091           29.82s
         5           1.2988           29.22s
         6           1.2899           27.67s
         7           1.2828           25.68s
         8           1.2759           24.00s
         9           1.2698           22.57s
        10           1.2646           21.36s
        20           1.2354           12.24s
        30           1.2199            3.90s
      Iter       Train Loss   Remaining Time 
         1           1.3594           24.18s
         2           1.3395           23.97s
         3           1.3221           23.92s
         4           1.3080           23.71s
         5           1.2982           27.68s
         6           1.2891           29.38s
         7           1.2812           30.50s
         8           1.2757           31.16s
         9           1.2704           31.57s
        10           1.2656           31.69s
        20           1.2356           18.30s
        30           1.2197            5.33s
      Iter       Train Loss   Remaining Time 
         1           1.3600           26.65s
         2           1.3411           24.36s
         3           1.3232           23.62s
         4           1.3086           22.20s
         5           1.2981           21.31s
         6           1.2898           20.57s
         7           1.2824           20.18s
         8           1.2756           19.65s
         9           1.2703           18.77s
        10           1.2658           18.04s
        20           1.2366           11.00s
        30           1.2215            4.26s
Trees amount = 35 Time elapsed: 0:03:04.506867

Iter = 1 score = 0.64265073445 

      Iter       Train Loss   Remaining Time 
         1           1.3603           25.78s
         2           1.3401           23.81s
         3           1.3230           23.11s
         4           1.3107           21.97s
         5           1.2995           21.26s
         6           1.2901           20.54s
         7           1.2829           20.05s
         8           1.2771           19.20s
         9           1.2720           18.84s
        10           1.2673           18.11s
        20           1.2385           12.58s
        30           1.2225            5.23s
      Iter       Train Loss   Remaining Time 
         1           1.3581           31.79s
         2           1.3389           27.00s
         3           1.3213           25.51s
         4           1.3068           24.33s
         5           1.2967           23.16s
         6           1.2891           22.17s
         7           1.2817           21.52s
         8           1.2754           20.87s
         9           1.2698           20.21s
        10           1.2651           19.60s
        20           1.2364           13.50s
        30           1.2206            6.13s
      Iter       Train Loss   Remaining Time 
         1           1.3600           25.13s
         2           1.3403           28.82s
         3           1.3231           26.12s
         4           1.3091           24.49s
         5           1.2988           23.14s
         6           1.2899           22.15s
         7           1.2828           21.07s
         8           1.2759           20.16s
         9           1.2698           19.51s
        10           1.2646           19.05s
        20           1.2354           11.92s
        30           1.2199            5.02s
      Iter       Train Loss   Remaining Time 
         1           1.3594           30.04s
         2           1.3395           28.66s
         3           1.3221           26.43s
         4           1.3080           24.39s
         5           1.2982           23.35s
         6           1.2891           22.40s
         7           1.2812           21.51s
         8           1.2757           20.75s
         9           1.2704           20.02s
        10           1.2656           19.26s
        20           1.2356           12.11s
        30           1.2197            4.93s
      Iter       Train Loss   Remaining Time 
         1           1.3600           24.75s
         2           1.3411           25.09s
         3           1.3232           23.67s
         4           1.3086           22.60s
         5           1.2981           21.34s
         6           1.2898           21.37s
         7           1.2824           20.89s
         8           1.2756           20.35s
         9           1.2703           19.58s
        10           1.2658           18.71s
        20           1.2366           11.57s
        30           1.2215            4.77s
Trees amount = 37 Time elapsed: 0:02:24.515093

Iter = 1 score = 0.643510090638 

      Iter       Train Loss   Remaining Time 
         1           1.3603           28.62s
         2           1.3401           26.23s
         3           1.3230           25.13s
         4           1.3107           24.24s
         5           1.2995           23.65s
         6           1.2901           22.91s
         7           1.2829           22.47s
         8           1.2771           21.43s
         9           1.2720           20.92s
        10           1.2673           20.05s
        20           1.2385           13.05s
        30           1.2225            6.11s
      Iter       Train Loss   Remaining Time 
         1           1.3581           26.27s
         2           1.3389           24.91s
         3           1.3213           24.73s
         4           1.3068           23.98s
         5           1.2967           22.99s
         6           1.2891           22.37s
         7           1.2817           21.80s
         8           1.2754           21.37s
         9           1.2698           20.86s
        10           1.2651           20.24s
        20           1.2364           13.26s
        30           1.2206            6.27s
      Iter       Train Loss   Remaining Time 
         1           1.3600            1.25m
         2           1.3403           58.92s
         3           1.3231           49.42s
         4           1.3091           42.31s
         5           1.2988           38.43s
         6           1.2899           34.77s
         7           1.2828           31.62s
         8           1.2759           29.17s
         9           1.2698           27.44s
        10           1.2646           25.95s
        20           1.2354           15.06s
        30           1.2199            6.74s
      Iter       Train Loss   Remaining Time 
         1           1.3594           28.35s
         2           1.3395           25.55s
         3           1.3221           24.53s
         4           1.3080           25.99s
         5           1.2982           30.56s
         6           1.2891           30.22s
         7           1.2812           28.49s
         8           1.2757           27.06s
         9           1.2704           25.74s
        10           1.2656           24.51s
        20           1.2356           16.07s
        30           1.2197            9.58s
      Iter       Train Loss   Remaining Time 
         1           1.3600            1.02m
         2           1.3411           56.03s
         3           1.3232           51.27s
         4           1.3086           50.52s
         5           1.2981           48.49s
         6           1.2898           48.16s
         7           1.2824           47.13s
         8           1.2756           46.41s
         9           1.2703           45.31s
        10           1.2658           44.04s
        20           1.2366           27.08s
        30           1.2215           11.51s
Trees amount = 39 Time elapsed: 0:03:05.573947

Iter = 1 score = 0.644067560767 

